TN:
SF:src\App.tsx
FN:8,App
FNF:1
FNH:1
FNDA:4,App
DA:1,1
DA:2,1
DA:3,1
DA:4,1
DA:5,1
DA:6,1
DA:7,1
DA:8,4
DA:9,4
DA:10,4
DA:11,4
DA:12,4
DA:13,4
DA:14,4
DA:15,4
DA:16,4
DA:17,4
DA:18,4
DA:19,4
DA:20,4
DA:21,4
DA:22,4
DA:23,1
DA:24,1
LF:24
LH:24
BRDA:8,0,0,4
BRF:1
BRH:1
end_of_record
TN:
SF:src\assets\svg\logo.tsx
FN:3,Logo
FNF:1
FNH:1
FNDA:4,Logo
DA:1,1
DA:2,1
DA:3,1
DA:4,4
DA:5,4
DA:6,4
DA:7,4
DA:8,4
DA:9,4
DA:10,4
DA:11,4
DA:12,4
DA:13,4
DA:14,4
DA:15,4
DA:16,4
DA:17,4
DA:18,4
DA:19,4
DA:20,4
DA:21,4
DA:22,4
DA:23,1
DA:24,1
DA:25,1
LF:25
LH:25
BRDA:3,0,0,4
BRF:1
BRH:1
end_of_record
TN:
SF:src\components\ErrorOnFetchPatients.tsx
FN:4,ErrorOnFetchPatients
FNF:1
FNH:1
FNDA:1,ErrorOnFetchPatients
DA:1,1
DA:2,1
DA:3,1
DA:4,1
DA:5,1
DA:6,1
DA:7,1
DA:8,1
DA:9,1
DA:10,1
DA:11,1
DA:12,1
DA:13,1
DA:14,1
DA:15,1
DA:16,1
DA:17,1
DA:18,1
DA:19,1
DA:20,1
LF:20
LH:20
BRDA:4,0,0,1
BRF:1
BRH:1
end_of_record
TN:
SF:src\components\ErrorPatientNotFound.tsx
FN:3,ErrorPatientNotFound
FNF:1
FNH:1
FNDA:1,ErrorPatientNotFound
DA:1,1
DA:2,1
DA:3,1
DA:4,1
DA:5,1
DA:6,1
DA:7,1
DA:8,1
DA:9,1
DA:10,1
DA:11,1
DA:12,1
DA:13,1
DA:14,1
LF:14
LH:14
BRDA:3,0,0,1
BRF:1
BRH:1
end_of_record
TN:
SF:src\components\GenderSearchOptions.tsx
FN:4,GenderSearchOptions
FN:7,handleGenderChange
FN:26,onChange
FN:39,onChange
FNF:4
FNH:4
FNDA:35,GenderSearchOptions
FNDA:8,handleGenderChange
FNDA:4,onChange
FNDA:4,onChange
DA:1,1
DA:2,1
DA:3,1
DA:4,1
DA:5,35
DA:6,35
DA:7,35
DA:8,8
DA:9,8
DA:10,8
DA:11,2
DA:12,8
DA:13,6
DA:14,6
DA:15,8
DA:16,35
DA:17,35
DA:18,35
DA:19,35
DA:20,35
DA:21,35
DA:22,35
DA:23,35
DA:24,35
DA:25,35
DA:26,35
DA:27,4
DA:28,4
DA:29,35
DA:30,35
DA:31,35
DA:32,35
DA:33,35
DA:34,35
DA:35,35
DA:36,35
DA:37,35
DA:38,35
DA:39,35
DA:40,4
DA:41,4
DA:42,35
DA:43,35
DA:44,35
DA:45,35
DA:46,35
DA:47,35
LF:47
LH:47
BRDA:4,0,0,35
BRDA:7,1,0,8
BRDA:10,2,0,2
BRDA:12,3,0,6
BRDA:26,4,0,4
BRDA:39,5,0,4
BRF:6
BRH:6
end_of_record
TN:
SF:src\components\Header.tsx
FN:4,Header
FNF:1
FNH:1
FNDA:4,Header
DA:1,1
DA:2,1
DA:3,1
DA:4,1
DA:5,4
DA:6,4
DA:7,4
DA:8,4
DA:9,4
DA:10,4
DA:11,4
DA:12,4
DA:13,4
DA:14,4
DA:15,4
DA:16,4
DA:17,4
DA:18,4
DA:19,4
DA:20,4
DA:21,4
DA:22,4
DA:23,4
LF:23
LH:23
BRDA:4,0,0,4
BRF:1
BRH:1
end_of_record
TN:
SF:src\components\LoadingFetchPatients.tsx
FN:3,LoadingFetchPatients
FNF:1
FNH:1
FNDA:4,LoadingFetchPatients
DA:1,1
DA:2,1
DA:3,1
DA:4,4
DA:5,4
DA:6,4
DA:7,4
DA:8,4
DA:9,4
DA:10,4
DA:11,4
DA:12,4
DA:13,4
DA:14,4
DA:15,4
LF:15
LH:15
BRDA:3,0,0,4
BRF:1
BRH:1
end_of_record
TN:
SF:src\components\NameSearchOption.tsx
FN:3,NameSearchOption
FN:6,handleSearchTextChange
FN:19,onChange
FNF:3
FNH:3
FNDA:30,NameSearchOption
FNDA:4,handleSearchTextChange
FNDA:4,onChange
DA:1,1
DA:2,1
DA:3,1
DA:4,30
DA:5,30
DA:6,30
DA:7,4
DA:8,4
DA:9,4
DA:10,4
DA:11,30
DA:12,30
DA:13,30
DA:14,30
DA:15,30
DA:16,30
DA:17,30
DA:18,30
DA:19,30
DA:20,4
DA:21,4
DA:22,4
DA:23,4
DA:24,30
DA:25,30
DA:26,30
LF:26
LH:26
BRDA:3,0,0,30
BRDA:6,1,0,4
BRDA:19,2,0,4
BRF:3
BRH:3
end_of_record
TN:
SF:src\components\NationalitySearchOptions.tsx
FN:25,NationalitySearchOptions
FN:28,handleNatChange
FN:55,onChange
FNF:3
FNH:3
FNDA:87,NationalitySearchOptions
FNDA:37,handleNatChange
FNDA:37,onChange
DA:1,1
DA:2,1
DA:3,1
DA:4,1
DA:5,1
DA:6,1
DA:7,1
DA:8,1
DA:9,1
DA:10,1
DA:11,1
DA:12,1
DA:13,1
DA:14,1
DA:15,1
DA:16,1
DA:17,1
DA:18,1
DA:19,1
DA:20,1
DA:21,1
DA:22,1
DA:23,1
DA:24,1
DA:25,1
DA:26,87
DA:27,87
DA:28,87
DA:29,37
DA:30,37
DA:31,37
DA:32,18
DA:33,37
DA:34,19
DA:35,19
DA:36,37
DA:37,37
DA:38,87
DA:39,87
DA:40,87
DA:41,87
DA:42,87
DA:43,87
DA:44,87
DA:45,1479
DA:46,1479
DA:47,1479
DA:48,1479
DA:49,1479
DA:50,1479
DA:51,1479
DA:52,1479
DA:53,1479
DA:54,1479
DA:55,1479
DA:56,37
DA:57,37
DA:58,1479
DA:59,1479
DA:60,1479
DA:61,1479
DA:62,1479
DA:63,87
DA:64,87
DA:65,87
DA:66,87
DA:67,87
DA:68,87
LF:68
LH:68
BRDA:25,0,0,87
BRDA:28,1,0,37
BRDA:31,2,0,18
BRDA:33,3,0,19
BRDA:32,4,0,19
BRDA:44,5,0,1479
BRDA:55,6,0,37
BRF:7
BRH:7
end_of_record
TN:
SF:src\components\PatientModal.tsx
FN:7,PatientModal
FN:11,patientModalInfoRow
FNF:2
FNH:2
FNDA:7,PatientModal
FNDA:14,patientModalInfoRow
DA:1,1
DA:2,1
DA:3,1
DA:4,1
DA:5,1
DA:6,1
DA:7,7
DA:8,7
DA:9,7
DA:10,7
DA:11,7
DA:12,14
DA:13,14
DA:14,14
DA:15,14
DA:16,14
DA:17,14
DA:18,14
DA:19,7
DA:20,7
DA:21,7
DA:22,7
DA:23,7
DA:24,7
DA:25,7
DA:26,7
DA:27,7
DA:28,7
DA:29,7
DA:30,7
DA:31,7
DA:32,7
DA:33,7
DA:34,7
DA:35,7
DA:36,7
DA:37,7
DA:38,7
DA:39,7
DA:40,7
DA:41,7
DA:42,7
DA:43,7
DA:44,2
DA:45,2
DA:46,2
DA:47,2
DA:48,2
DA:49,2
DA:50,2
DA:51,2
DA:52,2
DA:53,2
DA:54,2
DA:55,2
DA:56,2
DA:57,2
DA:58,2
DA:59,2
DA:60,2
DA:61,2
DA:62,2
DA:63,2
DA:64,2
DA:65,2
DA:66,2
DA:67,2
DA:68,2
DA:69,1
DA:70,1
DA:71,2
DA:72,2
DA:73,2
DA:74,2
DA:75,2
DA:76,2
DA:77,2
DA:78,2
DA:79,2
DA:80,2
DA:81,2
DA:82,2
DA:83,2
DA:84,2
DA:85,2
DA:86,2
DA:87,2
DA:88,2
DA:89,2
DA:90,2
DA:91,2
DA:92,2
DA:93,2
DA:94,2
DA:95,5
DA:96,5
DA:97,5
DA:98,5
DA:99,7
DA:100,7
DA:101,7
DA:102,7
DA:103,7
DA:104,7
DA:105,7
DA:106,7
DA:107,7
DA:108,7
DA:109,1
LF:109
LH:109
BRDA:7,0,0,7
BRDA:43,1,0,2
BRDA:69,2,0,1
BRDA:70,3,0,1
BRDA:95,4,0,5
BRDA:11,5,0,14
BRF:6
BRH:6
end_of_record
TN:
SF:src\components\PatientTable.tsx
FN:10,PatientTable
FN:71,onClick
FNF:2
FNH:2
FNDA:21,PatientTable
FNDA:1,onClick
DA:1,1
DA:2,1
DA:3,1
DA:4,1
DA:5,1
DA:6,1
DA:7,1
DA:8,1
DA:9,1
DA:10,1
DA:11,21
DA:12,21
DA:13,21
DA:14,21
DA:15,21
DA:16,21
DA:17,21
DA:18,21
DA:19,21
DA:20,21
DA:21,21
DA:22,21
DA:23,21
DA:24,21
DA:25,21
DA:26,21
DA:27,21
DA:28,21
DA:29,21
DA:30,21
DA:31,21
DA:32,21
DA:33,21
DA:34,21
DA:35,21
DA:36,21
DA:37,21
DA:38,21
DA:39,21
DA:40,21
DA:41,21
DA:42,21
DA:43,21
DA:44,21
DA:45,21
DA:46,21
DA:47,21
DA:48,21
DA:49,21
DA:50,21
DA:51,21
DA:52,21
DA:53,21
DA:54,40
DA:55,40
DA:56,40
DA:57,40
DA:58,40
DA:59,40
DA:60,40
DA:61,40
DA:62,40
DA:63,40
DA:64,40
DA:65,40
DA:66,40
DA:67,40
DA:68,40
DA:69,40
DA:70,40
DA:71,40
DA:72,1
DA:73,1
DA:74,40
DA:75,40
DA:76,40
DA:77,40
DA:78,40
DA:79,40
DA:80,21
DA:81,21
DA:82,21
DA:83,21
DA:84,21
DA:85,1
LF:85
LH:85
BRDA:10,0,0,21
BRDA:53,1,0,13
BRDA:53,2,0,40
BRDA:71,3,0,1
BRF:4
BRH:4
end_of_record
TN:
SF:src\components\PatientTableArea.tsx
FN:12,PatientTableArea
FNF:1
FNH:1
FNDA:6,PatientTableArea
DA:1,1
DA:2,1
DA:3,1
DA:4,1
DA:5,1
DA:6,1
DA:7,1
DA:8,1
DA:9,1
DA:10,1
DA:11,1
DA:12,1
DA:13,6
DA:14,6
DA:15,6
DA:16,6
DA:17,6
DA:18,6
DA:19,6
DA:20,6
DA:21,6
DA:22,6
DA:23,6
DA:24,6
DA:25,3
DA:26,6
DA:27,3
DA:28,3
DA:29,6
DA:30,6
DA:31,0
DA:32,0
DA:33,6
DA:34,6
DA:35,6
DA:36,6
DA:37,6
DA:38,0
DA:39,6
DA:40,0
DA:41,0
DA:42,6
DA:43,6
DA:44,6
DA:45,6
DA:46,6
DA:47,6
DA:48,6
DA:49,6
DA:50,6
DA:51,6
DA:52,6
DA:53,6
DA:54,6
DA:55,6
DA:56,6
DA:57,6
DA:58,6
DA:59,6
DA:60,6
DA:61,6
DA:62,6
DA:63,6
DA:64,6
DA:65,1
LF:65
LH:60
BRDA:12,0,0,6
BRDA:23,1,0,3
BRDA:24,2,0,3
BRDA:26,3,0,3
BRDA:30,4,0,0
BRDA:35,5,0,3
BRDA:36,6,0,3
BRDA:37,7,0,0
BRDA:39,8,0,0
BRDA:58,9,0,3
BRF:10
BRH:7
end_of_record
TN:
SF:src\components\SearchInputs.tsx
FN:11,SearchInputs
FN:28,onClick
FNF:2
FNH:2
FNDA:16,SearchInputs
FNDA:4,onClick
DA:1,1
DA:2,1
DA:3,1
DA:4,1
DA:5,1
DA:6,1
DA:7,1
DA:8,1
DA:9,1
DA:10,1
DA:11,1
DA:12,16
DA:13,16
DA:14,16
DA:15,16
DA:16,16
DA:17,16
DA:18,16
DA:19,16
DA:20,16
DA:21,16
DA:22,16
DA:23,16
DA:24,16
DA:25,16
DA:26,16
DA:27,16
DA:28,16
DA:29,4
DA:30,4
DA:31,16
DA:32,16
DA:33,16
DA:34,16
DA:35,16
DA:36,16
DA:37,16
DA:38,16
DA:39,16
DA:40,16
DA:41,16
DA:42,16
DA:43,16
DA:44,16
DA:45,16
DA:46,16
DA:47,16
DA:48,16
DA:49,16
DA:50,16
DA:51,16
DA:52,16
DA:53,16
DA:54,16
DA:55,16
DA:56,16
DA:57,16
DA:58,16
DA:59,16
DA:60,16
DA:61,16
DA:62,16
DA:63,16
DA:64,16
DA:65,16
DA:66,16
DA:67,16
DA:68,16
LF:68
LH:68
BRDA:11,0,0,16
BRDA:25,1,0,4
BRDA:25,2,0,12
BRDA:35,3,0,4
BRDA:35,4,0,12
BRDA:28,5,0,4
BRDA:29,6,0,4
BRF:7
BRH:7
end_of_record
TN:
SF:src\components\SortingButtonTable.tsx
FN:10,SortingButtonTable
FN:17,onClick
FNF:2
FNH:2
FNDA:66,SortingButtonTable
FNDA:1,onClick
DA:1,1
DA:2,1
DA:3,1
DA:4,1
DA:5,1
DA:6,1
DA:7,1
DA:8,1
DA:9,1
DA:10,1
DA:11,66
DA:12,66
DA:13,66
DA:14,66
DA:15,66
DA:16,66
DA:17,66
DA:18,66
DA:19,66
DA:20,66
DA:21,66
DA:22,22
DA:23,66
DA:24,66
DA:25,66
DA:26,42
DA:27,66
DA:28,66
DA:29,66
DA:30,2
DA:31,2
DA:32,1
DA:33,1
DA:34,1
DA:35,2
DA:36,2
DA:37,66
DA:38,66
DA:39,66
DA:40,2
DA:41,2
DA:42,2
DA:43,66
DA:44,66
DA:45,66
DA:46,66
LF:46
LH:46
BRDA:10,0,0,66
BRDA:21,1,0,64
BRDA:21,2,0,22
BRDA:25,3,0,64
BRDA:25,4,0,44
BRDA:25,5,0,42
BRDA:29,6,0,2
BRDA:31,7,0,1
BRDA:33,8,0,1
BRDA:37,9,0,64
BRDA:39,10,0,2
BRDA:41,11,0,1
BRDA:41,12,0,1
BRDA:43,13,0,64
BRDA:17,14,0,1
BRF:15
BRH:15
end_of_record
TN:
SF:src\contexts\useModalPatients.tsx
FN:25,PatientModalProvider
FN:31,setPatient
FN:37,handleOpen
FN:41,handleClose
FN:69,usePatientModal
FNF:5
FNH:5
FNDA:38,PatientModalProvider
FNDA:4,setPatient
FNDA:4,handleOpen
FNDA:1,handleClose
FNDA:17,usePatientModal
DA:1,1
DA:2,1
DA:3,1
DA:4,1
DA:5,1
DA:6,1
DA:7,1
DA:8,1
DA:9,1
DA:10,1
DA:11,1
DA:12,1
DA:13,1
DA:14,1
DA:15,1
DA:16,1
DA:17,1
DA:18,1
DA:19,1
DA:20,1
DA:21,1
DA:22,1
DA:23,1
DA:24,1
DA:25,38
DA:26,38
DA:27,38
DA:28,38
DA:29,38
DA:30,38
DA:31,38
DA:32,4
DA:33,4
DA:34,4
DA:35,4
DA:36,38
DA:37,38
DA:38,4
DA:39,4
DA:40,38
DA:41,38
DA:42,1
DA:43,1
DA:44,1
DA:45,38
DA:46,38
DA:47,34
DA:48,4
DA:49,4
DA:50,38
DA:51,38
DA:52,38
DA:53,38
DA:54,38
DA:55,38
DA:56,38
DA:57,38
DA:58,38
DA:59,38
DA:60,38
DA:61,38
DA:62,38
DA:63,38
DA:64,38
DA:65,38
DA:66,38
DA:67,38
DA:68,1
DA:69,17
DA:70,17
DA:71,17
DA:72,17
DA:73,0
DA:74,0
DA:75,0
DA:76,0
DA:77,17
DA:78,17
DA:79,17
DA:80,1
DA:81,1
LF:81
LH:77
BRDA:25,0,0,38
BRDA:31,1,0,4
BRDA:32,2,0,1
BRDA:37,3,0,4
BRDA:41,4,0,1
BRDA:46,5,0,34
BRDA:47,6,0,4
BRDA:69,7,0,17
BRDA:72,8,0,0
BRF:9
BRH:8
end_of_record
TN:
SF:src\contexts\usePatientsContext.tsx
FN:47,PatientProvider
FN:82,handleChangePatientQuantity
FN:86,handleUrlToFetch
FN:99,fetchPatients
FN:116,loadMorePatients
FN:138,defineTypeOfSorting
FN:144,sortArrayByType
FN:196,handleChangeNameFilter
FN:200,handleChangeGenderFilter
FN:204,filterByName
FN:210,filterPatientsList
FN:220,handleUrlFiltersQuery
FN:241,handleApplyFilters
FN:289,usePatientContext
FNF:14
FNH:13
FNDA:266,PatientProvider
FNDA:2,handleChangePatientQuantity
FNDA:44,handleUrlToFetch
FNDA:44,fetchPatients
FNDA:44,loadMorePatients
FNDA:6,defineTypeOfSorting
FNDA:80,sortArrayByType
FNDA:13,handleChangeNameFilter
FNDA:9,handleChangeGenderFilter
FNDA:80,filterByName
FNDA:80,filterPatientsList
FNDA:85,handleUrlFiltersQuery
FNDA:0,handleApplyFilters
FNDA:288,usePatientContext
DA:1,1
DA:2,1
DA:3,1
DA:4,1
DA:5,1
DA:6,1
DA:7,1
DA:8,1
DA:9,1
DA:10,1
DA:11,1
DA:12,1
DA:13,1
DA:14,1
DA:15,1
DA:16,1
DA:17,1
DA:18,1
DA:19,1
DA:20,1
DA:21,1
DA:22,1
DA:23,1
DA:24,1
DA:25,1
DA:26,1
DA:27,1
DA:28,1
DA:29,1
DA:30,1
DA:31,1
DA:32,1
DA:33,1
DA:34,1
DA:35,1
DA:36,1
DA:37,1
DA:38,1
DA:39,1
DA:40,1
DA:41,1
DA:42,1
DA:43,1
DA:44,1
DA:45,1
DA:46,1
DA:47,266
DA:48,266
DA:49,266
DA:50,266
DA:51,266
DA:52,266
DA:53,266
DA:54,266
DA:55,266
DA:56,266
DA:57,266
DA:58,266
DA:59,266
DA:60,266
DA:61,266
DA:62,266
DA:63,266
DA:64,266
DA:65,266
DA:66,266
DA:67,266
DA:68,266
DA:69,266
DA:70,266
DA:71,266
DA:72,266
DA:73,266
DA:74,266
DA:75,266
DA:76,266
DA:77,266
DA:78,266
DA:79,266
DA:80,266
DA:81,266
DA:82,266
DA:83,2
DA:84,2
DA:85,266
DA:86,266
DA:87,44
DA:88,44
DA:89,44
DA:90,42
DA:91,44
DA:92,2
DA:93,2
DA:94,2
DA:95,44
DA:96,44
DA:97,44
DA:98,266
DA:99,266
DA:100,44
DA:101,44
DA:102,44
DA:103,44
DA:104,44
DA:105,44
DA:106,44
DA:107,44
DA:108,44
DA:109,44
DA:110,0
DA:111,44
DA:112,44
DA:113,44
DA:114,44
DA:115,266
DA:116,266
DA:117,44
DA:118,44
DA:119,44
DA:120,44
DA:121,44
DA:122,44
DA:123,44
DA:124,44
DA:125,44
DA:126,44
DA:127,42
DA:128,1
DA:129,41
DA:130,42
DA:131,44
DA:132,44
DA:133,44
DA:134,44
DA:135,44
DA:136,44
DA:137,266
DA:138,266
DA:139,6
DA:140,6
DA:141,6
DA:142,6
DA:143,266
DA:144,266
DA:145,80
DA:146,2
DA:147,1
DA:148,11
DA:149,11
DA:150,5
DA:151,6
DA:152,6
DA:153,6
DA:154,0
DA:155,1
DA:156,1
DA:157,1
DA:158,10
DA:159,10
DA:160,5
DA:161,5
DA:162,5
DA:163,5
DA:164,0
DA:165,1
DA:166,1
DA:167,2
DA:168,80
DA:169,80
DA:170,3
DA:171,2
DA:172,20
DA:173,2
DA:174,3
DA:175,1
DA:176,21
DA:177,1
DA:178,1
DA:179,3
DA:180,80
DA:181,80
DA:182,3
DA:183,2
DA:184,24
DA:185,2
DA:186,3
DA:187,1
DA:188,25
DA:189,1
DA:190,1
DA:191,3
DA:192,80
DA:193,80
DA:194,80
DA:195,266
DA:196,266
DA:197,13
DA:198,13
DA:199,266
DA:200,266
DA:201,9
DA:202,9
DA:203,266
DA:204,266
DA:205,80
DA:206,400
DA:207,80
DA:208,80
DA:209,266
DA:210,266
DA:211,80
DA:212,80
DA:213,80
DA:214,80
DA:215,80
DA:216,80
DA:217,80
DA:218,80
DA:219,266
DA:220,266
DA:221,85
DA:222,85
DA:223,85
DA:224,7
DA:225,7
DA:226,85
DA:227,85
DA:228,22
DA:229,9
DA:230,3
DA:231,9
DA:232,6
DA:233,6
DA:234,22
DA:235,22
DA:236,22
DA:237,22
DA:238,85
DA:239,85
DA:240,266
DA:241,266
DA:242,0
DA:243,0
DA:244,0
DA:245,0
DA:246,266
DA:247,266
DA:248,85
DA:249,266
DA:250,266
DA:251,266
DA:252,80
DA:253,266
DA:254,266
DA:255,266
DA:256,37
DA:257,266
DA:258,266
DA:259,266
DA:260,266
DA:261,266
DA:262,266
DA:263,266
DA:264,266
DA:265,266
DA:266,266
DA:267,266
DA:268,266
DA:269,266
DA:270,266
DA:271,266
DA:272,266
DA:273,266
DA:274,266
DA:275,266
DA:276,266
DA:277,266
DA:278,266
DA:279,266
DA:280,266
DA:281,266
DA:282,266
DA:283,266
DA:284,266
DA:285,266
DA:286,266
DA:287,266
DA:288,1
DA:289,288
DA:290,288
DA:291,288
DA:292,288
DA:293,0
DA:294,0
DA:295,288
DA:296,288
DA:297,288
DA:298,1
DA:299,1
LF:299
LH:290
BRDA:47,0,0,266
BRDA:82,1,0,2
BRDA:86,2,0,44
BRDA:89,3,0,42
BRDA:91,4,0,2
BRDA:99,5,0,44
BRDA:106,6,0,44
BRDA:116,7,0,44
BRDA:126,8,0,42
BRDA:128,9,0,1
BRDA:129,10,0,41
BRDA:138,11,0,6
BRDA:139,12,0,3
BRDA:140,13,0,3
BRDA:140,14,0,3
BRDA:144,15,0,80
BRDA:145,16,0,2
BRDA:146,17,0,1
BRDA:169,18,0,3
BRDA:170,19,0,2
BRDA:174,20,0,1
BRDA:181,21,0,3
BRDA:182,22,0,2
BRDA:186,23,0,1
BRDA:147,24,0,11
BRDA:150,25,0,5
BRDA:151,26,0,6
BRDA:154,27,0,0
BRDA:157,28,0,10
BRDA:160,29,0,5
BRDA:161,30,0,5
BRDA:164,31,0,0
BRDA:171,32,0,20
BRDA:172,33,0,2
BRDA:172,34,0,18
BRDA:172,35,0,7
BRDA:172,36,0,11
BRDA:175,37,0,21
BRDA:176,38,0,3
BRDA:176,39,0,18
BRDA:176,40,0,5
BRDA:176,41,0,13
BRDA:183,42,0,24
BRDA:184,43,0,8
BRDA:184,44,0,16
BRDA:184,45,0,0
BRDA:187,46,0,25
BRDA:188,47,0,15
BRDA:188,48,0,10
BRDA:188,49,0,0
BRDA:196,50,0,13
BRDA:200,51,0,9
BRDA:204,52,0,80
BRDA:205,53,0,400
BRDA:210,54,0,80
BRDA:211,55,0,39
BRDA:211,56,0,41
BRDA:220,57,0,85
BRDA:223,58,0,7
BRDA:227,59,0,22
BRDA:228,60,0,9
BRDA:229,61,0,3
BRDA:231,62,0,6
BRDA:247,63,0,85
BRDA:251,64,0,80
BRDA:255,65,0,37
BRDA:289,66,0,288
BRDA:290,67,0,0
BRDA:292,68,0,0
BRF:69
BRH:63
end_of_record
TN:
SF:src\layout\Main\index.tsx
FN:7,Main
FNF:1
FNH:1
FNDA:3,Main
DA:1,1
DA:2,1
DA:3,1
DA:4,1
DA:5,1
DA:6,1
DA:7,3
DA:8,3
DA:9,3
DA:10,3
DA:11,3
DA:12,3
DA:13,3
DA:14,3
DA:15,3
DA:16,3
DA:17,3
DA:18,3
DA:19,1
DA:20,1
LF:20
LH:20
BRDA:7,0,0,3
BRF:1
BRH:1
end_of_record
TN:
SF:src\pages\Home.tsx
FN:5,Home
FNF:1
FNH:1
FNDA:3,Home
DA:1,1
DA:2,1
DA:3,1
DA:4,1
DA:5,1
DA:6,3
DA:7,3
DA:8,3
DA:9,3
DA:10,3
DA:11,3
DA:12,3
DA:13,3
DA:14,3
DA:15,3
DA:16,3
DA:17,3
DA:18,1
DA:19,1
DA:20,1
LF:20
LH:20
BRDA:5,0,0,3
BRF:1
BRH:1
end_of_record
TN:
SF:src\services\api.ts
FNF:0
FNH:0
DA:1,1
DA:2,1
DA:3,1
DA:4,1
DA:5,1
DA:6,1
DA:7,1
DA:8,1
DA:9,1
LF:9
LH:9
BRF:0
BRH:0
end_of_record
TN:
SF:src\test\handlers.ts
FNF:0
FNH:0
DA:1,1
DA:2,1
DA:3,1
DA:4,1
DA:5,1
DA:6,1
DA:7,1
DA:8,1
DA:9,44
DA:10,44
DA:11,1
DA:12,1
LF:12
LH:12
BRDA:8,0,0,44
BRF:1
BRH:1
end_of_record
TN:
SF:src\test\patientContextMocks.ts
FNF:0
FNH:0
DA:1,1
DA:2,1
DA:3,1
DA:4,1
DA:5,1
DA:6,1
DA:7,1
DA:8,1
DA:9,1
DA:10,1
DA:11,1
DA:12,1
DA:13,1
DA:14,1
DA:15,1
DA:16,1
DA:17,1
DA:18,1
DA:19,1
DA:20,1
DA:21,1
DA:22,1
DA:23,1
DA:24,1
DA:25,1
DA:26,1
DA:27,1
DA:28,1
DA:29,1
DA:30,1
DA:31,1
DA:32,1
DA:33,1
DA:34,1
DA:35,1
DA:36,1
DA:37,1
DA:38,1
DA:39,1
DA:40,1
DA:41,1
DA:42,1
DA:43,1
DA:44,1
DA:45,1
DA:46,1
DA:47,1
DA:48,1
DA:49,1
DA:50,1
DA:51,1
DA:52,1
DA:53,1
DA:54,1
DA:55,1
DA:56,1
DA:57,1
DA:58,1
DA:59,1
DA:60,1
DA:61,1
DA:62,1
DA:63,1
DA:64,1
DA:65,1
DA:66,1
DA:67,1
DA:68,1
DA:69,1
DA:70,1
DA:71,1
DA:72,1
DA:73,1
DA:74,1
DA:75,1
DA:76,1
DA:77,1
DA:78,1
DA:79,1
DA:80,1
DA:81,1
DA:82,1
DA:83,1
DA:84,1
DA:85,1
DA:86,1
DA:87,1
DA:88,1
DA:89,1
DA:90,1
DA:91,1
DA:92,1
DA:93,1
DA:94,1
DA:95,1
DA:96,1
DA:97,1
DA:98,1
DA:99,1
DA:100,1
DA:101,1
DA:102,1
DA:103,1
DA:104,1
DA:105,1
DA:106,1
DA:107,1
DA:108,1
DA:109,1
DA:110,1
DA:111,1
DA:112,1
DA:113,1
DA:114,1
DA:115,1
DA:116,1
DA:117,1
DA:118,1
DA:119,1
DA:120,1
DA:121,1
DA:122,1
DA:123,1
DA:124,1
DA:125,1
DA:126,1
DA:127,1
DA:128,1
DA:129,1
DA:130,1
DA:131,1
DA:132,1
DA:133,1
DA:134,1
DA:135,1
DA:136,1
DA:137,1
DA:138,1
DA:139,1
DA:140,1
DA:141,1
DA:142,1
DA:143,1
DA:144,1
DA:145,1
DA:146,1
DA:147,1
DA:148,1
DA:149,1
DA:150,1
DA:151,1
DA:152,1
DA:153,1
DA:154,1
DA:155,1
DA:156,1
DA:157,1
DA:158,1
DA:159,1
DA:160,1
DA:161,1
DA:162,1
DA:163,1
DA:164,1
DA:165,1
DA:166,1
DA:167,1
DA:168,1
DA:169,1
DA:170,1
DA:171,1
DA:172,1
DA:173,1
DA:174,1
DA:175,1
DA:176,1
DA:177,1
DA:178,1
DA:179,1
DA:180,1
DA:181,1
DA:182,1
DA:183,1
DA:184,1
DA:185,1
DA:186,1
DA:187,1
DA:188,1
DA:189,1
DA:190,1
DA:191,1
DA:192,1
DA:193,1
DA:194,1
DA:195,1
DA:196,1
DA:197,1
DA:198,1
DA:199,1
DA:200,1
DA:201,1
DA:202,1
DA:203,1
DA:204,1
DA:205,1
DA:206,1
DA:207,1
DA:208,1
DA:209,1
DA:210,1
DA:211,1
DA:212,1
DA:213,1
DA:214,1
DA:215,1
DA:216,1
DA:217,1
DA:218,1
DA:219,1
DA:220,1
DA:221,1
DA:222,1
DA:223,1
DA:224,1
DA:225,1
DA:226,1
DA:227,1
DA:228,1
DA:229,1
DA:230,1
DA:231,1
DA:232,1
DA:233,1
DA:234,1
DA:235,1
DA:236,1
DA:237,1
DA:238,1
DA:239,1
DA:240,1
DA:241,1
DA:242,1
DA:243,1
DA:244,1
DA:245,1
DA:246,1
DA:247,1
DA:248,1
DA:249,1
DA:250,1
DA:251,1
DA:252,1
DA:253,1
DA:254,1
DA:255,1
DA:256,1
DA:257,1
DA:258,1
DA:259,1
DA:260,1
DA:261,1
DA:262,1
DA:263,1
DA:264,1
DA:265,1
DA:266,1
DA:267,1
DA:268,1
DA:269,1
DA:270,1
DA:271,1
DA:272,1
DA:273,1
DA:274,1
DA:275,1
DA:276,1
DA:277,1
DA:278,1
DA:279,1
DA:280,1
DA:281,1
DA:282,1
DA:283,1
DA:284,1
DA:285,1
DA:286,1
DA:287,1
DA:288,1
DA:289,1
DA:290,1
DA:291,1
DA:292,1
DA:293,1
DA:294,1
DA:295,1
DA:296,1
DA:297,1
DA:298,1
DA:299,1
DA:300,1
DA:301,1
DA:302,1
DA:303,1
DA:304,1
DA:305,1
DA:306,1
DA:307,1
DA:308,1
DA:309,1
DA:310,1
DA:311,1
DA:312,1
DA:313,1
DA:314,1
DA:315,1
DA:316,1
DA:317,1
DA:318,1
DA:319,1
DA:320,1
DA:321,1
DA:322,1
DA:323,1
DA:324,1
DA:325,1
DA:326,1
DA:327,1
DA:328,1
DA:329,1
DA:330,1
DA:331,1
DA:332,1
DA:333,1
DA:334,1
DA:335,1
DA:336,1
DA:337,1
DA:338,1
DA:339,1
DA:340,1
DA:341,1
DA:342,1
DA:343,1
DA:344,1
DA:345,1
DA:346,1
DA:347,1
DA:348,1
DA:349,1
DA:350,1
DA:351,1
DA:352,1
DA:353,1
DA:354,1
DA:355,1
DA:356,1
DA:357,1
DA:358,1
DA:359,1
DA:360,1
DA:361,1
DA:362,1
DA:363,1
DA:364,1
DA:365,1
DA:366,1
DA:367,1
DA:368,1
DA:369,1
DA:370,1
DA:371,1
DA:372,1
DA:373,1
DA:374,1
DA:375,1
DA:376,1
DA:377,1
DA:378,1
DA:379,1
DA:380,1
DA:381,1
DA:382,1
DA:383,1
DA:384,1
DA:385,1
DA:386,1
DA:387,1
DA:388,1
DA:389,1
DA:390,1
DA:391,1
DA:392,1
DA:393,1
DA:394,1
DA:395,1
DA:396,1
DA:397,1
DA:398,1
DA:399,1
DA:400,1
DA:401,1
DA:402,1
DA:403,1
DA:404,1
DA:405,1
DA:406,1
DA:407,1
DA:408,1
DA:409,1
DA:410,1
DA:411,1
DA:412,1
DA:413,1
DA:414,1
DA:415,1
DA:416,1
DA:417,1
DA:418,1
DA:419,1
DA:420,1
DA:421,1
DA:422,1
DA:423,1
DA:424,1
DA:425,1
DA:426,1
DA:427,1
DA:428,1
DA:429,1
DA:430,1
DA:431,1
DA:432,1
DA:433,1
DA:434,1
DA:435,1
DA:436,1
DA:437,1
DA:438,1
DA:439,1
DA:440,1
DA:441,1
DA:442,1
DA:443,1
DA:444,1
DA:445,1
DA:446,1
DA:447,1
DA:448,1
DA:449,1
DA:450,1
DA:451,1
DA:452,1
DA:453,1
DA:454,1
DA:455,1
DA:456,1
DA:457,1
DA:458,1
DA:459,1
DA:460,1
DA:461,1
DA:462,1
DA:463,1
DA:464,1
DA:465,1
DA:466,1
DA:467,1
DA:468,1
DA:469,1
DA:470,1
DA:471,1
DA:472,1
DA:473,1
DA:474,1
DA:475,1
DA:476,1
DA:477,1
DA:478,1
DA:479,1
DA:480,1
DA:481,1
DA:482,1
DA:483,1
DA:484,1
DA:485,1
DA:486,1
DA:487,1
DA:488,1
DA:489,1
DA:490,1
DA:491,1
DA:492,1
DA:493,1
DA:494,1
DA:495,1
DA:496,1
DA:497,1
DA:498,1
DA:499,1
DA:500,1
DA:501,1
DA:502,1
DA:503,1
DA:504,1
DA:505,1
DA:506,1
DA:507,1
DA:508,1
DA:509,1
DA:510,1
DA:511,1
DA:512,1
DA:513,1
DA:514,1
DA:515,1
DA:516,1
DA:517,1
DA:518,1
DA:519,1
DA:520,1
DA:521,1
DA:522,1
DA:523,1
DA:524,1
DA:525,1
DA:526,1
DA:527,1
DA:528,1
DA:529,1
DA:530,1
DA:531,1
DA:532,1
DA:533,1
DA:534,1
DA:535,1
DA:536,1
DA:537,1
DA:538,1
DA:539,1
DA:540,1
DA:541,1
DA:542,1
DA:543,1
DA:544,1
DA:545,1
DA:546,1
DA:547,1
DA:548,1
DA:549,1
DA:550,1
DA:551,1
DA:552,1
DA:553,1
DA:554,1
DA:555,1
DA:556,1
DA:557,1
DA:558,1
DA:559,1
DA:560,1
DA:561,1
DA:562,1
DA:563,1
DA:564,1
DA:565,1
DA:566,1
DA:567,1
DA:568,1
DA:569,1
DA:570,1
DA:571,1
DA:572,1
DA:573,1
DA:574,1
DA:575,1
DA:576,1
DA:577,1
DA:578,1
DA:579,1
DA:580,1
DA:581,1
DA:582,1
DA:583,1
DA:584,1
DA:585,1
DA:586,1
DA:587,1
DA:588,1
DA:589,1
DA:590,1
DA:591,1
DA:592,1
DA:593,1
DA:594,1
DA:595,1
DA:596,1
DA:597,1
DA:598,1
DA:599,1
DA:600,1
DA:601,1
DA:602,1
DA:603,1
DA:604,1
LF:604
LH:604
BRF:0
BRH:0
end_of_record
TN:
SF:src\test\server.ts
FNF:0
FNH:0
DA:1,1
DA:2,1
DA:3,1
DA:4,1
LF:4
LH:4
BRF:0
BRH:0
end_of_record
TN:
SF:src\test\testing-library-utils.tsx
FN:7,allProviders
FN:15,renderWithContext
FNF:2
FNH:2
FNDA:29,allProviders
FNDA:23,renderWithContext
DA:1,1
DA:2,1
DA:3,1
DA:4,1
DA:5,1
DA:6,1
DA:7,1
DA:8,29
DA:9,29
DA:10,29
DA:11,29
DA:12,29
DA:13,1
DA:14,1
DA:15,1
DA:16,23
DA:17,23
DA:18,23
DA:19,23
DA:20,1
DA:21,1
DA:22,0
DA:23,0
DA:24,1
DA:25,1
LF:25
LH:23
BRDA:22,0,0,0
BRDA:23,1,0,0
BRDA:7,2,0,29
BRDA:15,3,0,23
BRF:4
BRH:2
end_of_record
TN:
SF:src\utils\common-functions.ts
FN:1,formatDate
FNF:1
FNH:1
FNDA:42,formatDate
DA:1,1
DA:2,42
DA:3,42
DA:4,42
DA:5,42
DA:6,18
DA:7,42
DA:8,42
DA:9,42
DA:10,42
DA:11,37
DA:12,42
DA:13,42
DA:14,42
DA:15,42
DA:16,42
DA:17,42
LF:17
LH:17
BRDA:1,0,0,42
BRDA:6,1,0,18
BRDA:7,2,0,24
BRDA:11,3,0,37
BRDA:12,4,0,5
BRF:5
BRH:5
end_of_record
TN:
SF:src\utils\constants.ts
FNF:0
FNH:0
DA:1,1
DA:2,1
DA:3,1
DA:4,1
DA:5,1
DA:6,1
DA:7,1
DA:8,1
DA:9,1
DA:10,1
DA:11,1
DA:12,1
DA:13,1
DA:14,1
DA:15,1
DA:16,1
DA:17,1
DA:18,1
DA:19,1
DA:20,1
DA:21,1
DA:22,1
DA:23,1
DA:24,1
DA:25,1
DA:26,1
DA:27,1
DA:28,1
DA:29,1
DA:30,1
DA:31,1
DA:32,1
DA:33,1
DA:34,1
DA:35,1
DA:36,1
DA:37,1
DA:38,1
DA:39,1
DA:40,1
DA:41,1
DA:42,1
DA:43,1
DA:44,1
DA:45,1
DA:46,1
DA:47,1
DA:48,1
DA:49,1
DA:50,1
DA:51,1
DA:52,1
DA:53,1
DA:54,1
DA:55,1
DA:56,1
DA:57,1
DA:58,1
DA:59,1
DA:60,1
DA:61,1
DA:62,1
DA:63,1
DA:64,1
DA:65,1
DA:66,1
DA:67,1
DA:68,1
DA:69,1
DA:70,1
DA:71,1
DA:72,1
DA:73,1
DA:74,1
DA:75,1
DA:76,1
DA:77,1
DA:78,1
DA:79,1
DA:80,1
DA:81,1
DA:82,1
DA:83,1
DA:84,1
DA:85,1
DA:86,1
DA:87,1
DA:88,1
DA:89,1
DA:90,1
DA:91,1
DA:92,1
DA:93,1
DA:94,1
DA:95,1
DA:96,1
DA:97,1
DA:98,1
DA:99,1
DA:100,1
DA:101,1
DA:102,1
DA:103,1
DA:104,1
DA:105,1
DA:106,1
DA:107,1
DA:108,1
DA:109,1
DA:110,1
DA:111,1
DA:112,1
DA:113,1
DA:114,1
DA:115,1
DA:116,1
DA:117,1
DA:118,1
DA:119,1
DA:120,1
LF:120
LH:120
BRF:0
BRH:0
end_of_record
