TN:
SF:src\components\ErrorOnFetchPatients.tsx
FN:4,ErrorOnFetchPatients
FNF:1
FNH:1
FNDA:2,ErrorOnFetchPatients
DA:1,1
DA:2,1
DA:3,1
DA:4,1
DA:5,2
DA:6,2
DA:7,2
DA:8,2
DA:9,2
DA:10,2
DA:11,2
DA:12,2
DA:13,2
DA:14,2
DA:15,2
DA:16,2
DA:17,2
DA:18,2
DA:19,2
DA:20,2
LF:20
LH:20
BRDA:4,0,0,2
BRDA:16,1,0,0
BRF:2
BRH:1
end_of_record
TN:
SF:src\components\ErrorPatientNotFound.tsx
FN:3,ErrorPatientNotFound
FNF:1
FNH:1
FNDA:1,ErrorPatientNotFound
DA:1,1
DA:2,1
DA:3,1
DA:4,1
DA:5,1
DA:6,1
DA:7,1
DA:8,1
DA:9,1
DA:10,1
DA:11,1
DA:12,1
DA:13,1
DA:14,1
LF:14
LH:14
BRDA:3,0,0,1
BRF:1
BRH:1
end_of_record
TN:
SF:src\components\GenderSearchOptions.tsx
FN:4,GenderSearchOptions
FN:7,handleGenderChange
FN:26,onChange
FN:39,onChange
FNF:4
FNH:1
FNDA:14,GenderSearchOptions
FNDA:0,handleGenderChange
FNDA:0,onChange
FNDA:0,onChange
DA:1,1
DA:2,1
DA:3,1
DA:4,1
DA:5,14
DA:6,14
DA:7,14
DA:8,0
DA:9,0
DA:10,0
DA:11,0
DA:12,0
DA:13,0
DA:14,0
DA:15,0
DA:16,14
DA:17,14
DA:18,14
DA:19,14
DA:20,14
DA:21,14
DA:22,14
DA:23,14
DA:24,14
DA:25,14
DA:26,14
DA:27,0
DA:28,0
DA:29,14
DA:30,14
DA:31,14
DA:32,14
DA:33,14
DA:34,14
DA:35,14
DA:36,14
DA:37,14
DA:38,14
DA:39,14
DA:40,0
DA:41,0
DA:42,14
DA:43,14
DA:44,14
DA:45,14
DA:46,14
DA:47,14
LF:47
LH:35
BRDA:4,0,0,14
BRF:1
BRH:1
end_of_record
TN:
SF:src\components\LoadingFetchPatients.tsx
FN:3,LoadingFetchPatients
FNF:1
FNH:1
FNDA:1,LoadingFetchPatients
DA:1,1
DA:2,1
DA:3,1
DA:4,1
DA:5,1
DA:6,1
DA:7,1
DA:8,1
DA:9,1
DA:10,1
DA:11,1
DA:12,1
DA:13,1
DA:14,1
DA:15,1
LF:15
LH:15
BRDA:3,0,0,1
BRF:1
BRH:1
end_of_record
TN:
SF:src\components\NameSearchOption.tsx
FN:3,NameSearchOption
FN:6,handleSearchTextChange
FN:19,onChange
FNF:3
FNH:1
FNDA:20,NameSearchOption
FNDA:0,handleSearchTextChange
FNDA:0,onChange
DA:1,1
DA:2,1
DA:3,1
DA:4,20
DA:5,20
DA:6,20
DA:7,0
DA:8,0
DA:9,0
DA:10,0
DA:11,20
DA:12,20
DA:13,20
DA:14,20
DA:15,20
DA:16,20
DA:17,20
DA:18,20
DA:19,20
DA:20,0
DA:21,0
DA:22,0
DA:23,0
DA:24,20
DA:25,20
DA:26,20
LF:26
LH:18
BRDA:3,0,0,20
BRF:1
BRH:1
end_of_record
TN:
SF:src\components\NationalitySearchOptions.tsx
FN:29,NationalitySearchOptions
FN:32,handleNatChange
FN:59,onChange
FNF:3
FNH:1
FNDA:10,NationalitySearchOptions
FNDA:0,handleNatChange
FNDA:0,onChange
DA:1,1
DA:2,1
DA:3,1
DA:4,1
DA:5,1
DA:6,1
DA:7,1
DA:8,1
DA:9,1
DA:10,1
DA:11,1
DA:12,1
DA:13,1
DA:14,1
DA:15,1
DA:16,1
DA:17,1
DA:18,1
DA:19,1
DA:20,1
DA:21,1
DA:22,1
DA:23,1
DA:24,1
DA:25,1
DA:26,1
DA:27,1
DA:28,1
DA:29,1
DA:30,10
DA:31,10
DA:32,10
DA:33,0
DA:34,0
DA:35,0
DA:36,0
DA:37,0
DA:38,0
DA:39,0
DA:40,0
DA:41,0
DA:42,10
DA:43,10
DA:44,10
DA:45,10
DA:46,10
DA:47,10
DA:48,10
DA:49,170
DA:50,170
DA:51,170
DA:52,170
DA:53,170
DA:54,170
DA:55,170
DA:56,170
DA:57,170
DA:58,170
DA:59,170
DA:60,0
DA:61,0
DA:62,170
DA:63,170
DA:64,170
DA:65,170
DA:66,170
DA:67,10
DA:68,10
DA:69,10
DA:70,10
DA:71,10
DA:72,10
LF:72
LH:61
BRDA:29,0,0,10
BRDA:48,1,0,170
BRF:2
BRH:2
end_of_record
TN:
SF:src\components\PatientModal.tsx
FN:7,PatientModal
FN:11,patientModalInfoRow
FNF:2
FNH:2
FNDA:3,PatientModal
FNDA:7,patientModalInfoRow
DA:1,1
DA:2,1
DA:3,1
DA:4,1
DA:5,1
DA:6,1
DA:7,3
DA:8,3
DA:9,3
DA:10,3
DA:11,3
DA:12,7
DA:13,7
DA:14,7
DA:15,7
DA:16,7
DA:17,7
DA:18,7
DA:19,3
DA:20,3
DA:21,3
DA:22,3
DA:23,3
DA:24,3
DA:25,3
DA:26,3
DA:27,3
DA:28,3
DA:29,3
DA:30,3
DA:31,3
DA:32,3
DA:33,3
DA:34,3
DA:35,3
DA:36,3
DA:37,3
DA:38,3
DA:39,3
DA:40,3
DA:41,3
DA:42,3
DA:43,3
DA:44,1
DA:45,1
DA:46,1
DA:47,1
DA:48,1
DA:49,1
DA:50,1
DA:51,1
DA:52,1
DA:53,1
DA:54,1
DA:55,1
DA:56,1
DA:57,1
DA:58,1
DA:59,1
DA:60,1
DA:61,1
DA:62,1
DA:63,1
DA:64,1
DA:65,1
DA:66,1
DA:67,1
DA:68,1
DA:69,1
DA:70,0
DA:71,1
DA:72,1
DA:73,1
DA:74,1
DA:75,1
DA:76,1
DA:77,1
DA:78,1
DA:79,1
DA:80,1
DA:81,1
DA:82,1
DA:83,1
DA:84,1
DA:85,1
DA:86,1
DA:87,1
DA:88,1
DA:89,1
DA:90,1
DA:91,1
DA:92,1
DA:93,1
DA:94,1
DA:95,2
DA:96,2
DA:97,2
DA:98,2
DA:99,3
DA:100,3
DA:101,3
DA:102,3
DA:103,3
DA:104,3
DA:105,3
DA:106,3
DA:107,3
DA:108,3
DA:109,1
LF:109
LH:108
BRDA:7,0,0,3
BRDA:43,1,0,1
BRDA:70,2,0,0
BRDA:95,3,0,2
BRDA:11,4,0,7
BRF:5
BRH:4
end_of_record
TN:
SF:src\components\PatientTable.tsx
FN:10,PatientTable
FN:16,setTypeOfSorting
FN:20,viewPatientDetails
FN:98,onClick
FNF:4
FNH:1
FNDA:14,PatientTable
FNDA:0,setTypeOfSorting
FNDA:0,viewPatientDetails
FNDA:0,onClick
DA:1,1
DA:2,1
DA:3,1
DA:4,1
DA:5,1
DA:6,1
DA:7,1
DA:8,1
DA:9,1
DA:10,1
DA:11,14
DA:12,14
DA:13,14
DA:14,14
DA:15,14
DA:16,14
DA:17,0
DA:18,0
DA:19,14
DA:20,14
DA:21,0
DA:22,0
DA:23,14
DA:24,14
DA:25,14
DA:26,14
DA:27,14
DA:28,14
DA:29,14
DA:30,14
DA:31,14
DA:32,14
DA:33,14
DA:34,14
DA:35,14
DA:36,14
DA:37,14
DA:38,14
DA:39,14
DA:40,14
DA:41,14
DA:42,14
DA:43,14
DA:44,14
DA:45,14
DA:46,14
DA:47,14
DA:48,14
DA:49,14
DA:50,14
DA:51,14
DA:52,14
DA:53,14
DA:54,14
DA:55,14
DA:56,14
DA:57,14
DA:58,14
DA:59,14
DA:60,14
DA:61,14
DA:62,14
DA:63,14
DA:64,14
DA:65,14
DA:66,14
DA:67,14
DA:68,14
DA:69,14
DA:70,14
DA:71,14
DA:72,14
DA:73,14
DA:74,14
DA:75,14
DA:76,14
DA:77,14
DA:78,14
DA:79,14
DA:80,14
DA:81,30
DA:82,30
DA:83,30
DA:84,30
DA:85,30
DA:86,30
DA:87,30
DA:88,30
DA:89,30
DA:90,30
DA:91,30
DA:92,30
DA:93,30
DA:94,30
DA:95,30
DA:96,30
DA:97,30
DA:98,30
DA:99,0
DA:100,0
DA:101,30
DA:102,30
DA:103,30
DA:104,30
DA:105,30
DA:106,30
DA:107,14
DA:108,14
DA:109,14
DA:110,14
DA:111,14
DA:112,1
LF:112
LH:106
BRDA:10,0,0,14
BRDA:80,1,0,10
BRDA:80,2,0,30
BRF:3
BRH:3
end_of_record
TN:
SF:src\components\SearchInputs.tsx
FN:11,SearchInputs
FN:16,handleApplyFilters
FN:33,onClick
FNF:3
FNH:2
FNDA:19,SearchInputs
FNDA:0,handleApplyFilters
FNDA:3,onClick
DA:1,1
DA:2,1
DA:3,1
DA:4,1
DA:5,1
DA:6,1
DA:7,1
DA:8,1
DA:9,1
DA:10,1
DA:11,1
DA:12,19
DA:13,19
DA:14,19
DA:15,19
DA:16,19
DA:17,0
DA:18,0
DA:19,0
DA:20,0
DA:21,19
DA:22,19
DA:23,19
DA:24,19
DA:25,19
DA:26,19
DA:27,19
DA:28,19
DA:29,19
DA:30,19
DA:31,19
DA:32,19
DA:33,19
DA:34,3
DA:35,3
DA:36,19
DA:37,19
DA:38,19
DA:39,19
DA:40,19
DA:41,19
DA:42,19
DA:43,19
DA:44,19
DA:45,19
DA:46,19
DA:47,19
DA:48,19
DA:49,19
DA:50,19
DA:51,19
DA:52,19
DA:53,19
DA:54,19
DA:55,19
DA:56,19
DA:57,19
DA:58,19
DA:59,19
DA:60,19
DA:61,19
DA:62,19
DA:63,19
DA:64,19
DA:65,19
DA:66,19
DA:67,19
DA:68,19
DA:69,19
DA:70,19
DA:71,19
DA:72,19
DA:73,19
LF:73
LH:69
BRDA:11,0,0,19
BRDA:30,1,0,5
BRDA:30,2,0,14
BRDA:40,3,0,5
BRDA:40,4,0,14
BRDA:33,5,0,3
BRDA:34,6,0,3
BRF:7
BRH:7
end_of_record
TN:
SF:src\components\SortingButtonTable.tsx
FN:12,SortingButtonTable
FN:23,onClick
FNF:2
FNH:2
FNDA:43,SortingButtonTable
FNDA:2,onClick
DA:1,1
DA:2,1
DA:3,1
DA:4,1
DA:5,1
DA:6,1
DA:7,1
DA:8,1
DA:9,1
DA:10,1
DA:11,1
DA:12,1
DA:13,43
DA:14,43
DA:15,43
DA:16,43
DA:17,43
DA:18,43
DA:19,43
DA:20,43
DA:21,43
DA:22,43
DA:23,43
DA:24,2
DA:25,2
DA:26,43
DA:27,43
DA:28,43
DA:29,43
DA:30,14
DA:31,43
DA:32,43
DA:33,43
DA:34,28
DA:35,43
DA:36,43
DA:37,43
DA:38,1
DA:39,1
DA:40,1
DA:41,0
DA:42,0
DA:43,1
DA:44,1
DA:45,43
DA:46,43
DA:47,43
DA:48,1
DA:49,1
DA:50,1
DA:51,43
DA:52,43
DA:53,43
DA:54,43
LF:54
LH:52
BRDA:12,0,0,43
BRDA:29,1,0,42
BRDA:29,2,0,14
BRDA:33,3,0,42
BRDA:33,4,0,29
BRDA:33,5,0,28
BRDA:37,6,0,1
BRDA:41,7,0,0
BRDA:45,8,0,42
BRDA:47,9,0,1
BRDA:49,10,0,0
BRDA:51,11,0,42
BRDA:23,12,0,2
BRF:13
BRH:11
end_of_record
TN:
SF:src\contexts\useModalPatients.tsx
FN:25,PatientModalProvider
FN:31,setPatient
FN:37,handleOpen
FN:41,handleClose
FN:69,usePatientModal
FNF:5
FNH:5
FNDA:32,PatientModalProvider
FNDA:4,setPatient
FNDA:4,handleOpen
FNDA:1,handleClose
FNDA:25,usePatientModal
DA:1,1
DA:2,1
DA:3,1
DA:4,1
DA:5,1
DA:6,1
DA:7,1
DA:8,1
DA:9,1
DA:10,1
DA:11,1
DA:12,1
DA:13,1
DA:14,1
DA:15,1
DA:16,1
DA:17,1
DA:18,1
DA:19,1
DA:20,1
DA:21,1
DA:22,1
DA:23,1
DA:24,1
DA:25,32
DA:26,32
DA:27,32
DA:28,32
DA:29,32
DA:30,32
DA:31,32
DA:32,4
DA:33,4
DA:34,4
DA:35,4
DA:36,32
DA:37,32
DA:38,4
DA:39,4
DA:40,32
DA:41,32
DA:42,1
DA:43,1
DA:44,1
DA:45,32
DA:46,32
DA:47,28
DA:48,4
DA:49,4
DA:50,32
DA:51,32
DA:52,32
DA:53,32
DA:54,32
DA:55,32
DA:56,32
DA:57,32
DA:58,32
DA:59,32
DA:60,32
DA:61,32
DA:62,32
DA:63,32
DA:64,32
DA:65,32
DA:66,32
DA:67,32
DA:68,1
DA:69,25
DA:70,25
DA:71,25
DA:72,25
DA:73,0
DA:74,0
DA:75,0
DA:76,0
DA:77,25
DA:78,25
DA:79,25
DA:80,1
DA:81,1
LF:81
LH:77
BRDA:25,0,0,32
BRDA:31,1,0,4
BRDA:32,2,0,1
BRDA:37,3,0,4
BRDA:41,4,0,1
BRDA:46,5,0,28
BRDA:47,6,0,4
BRDA:69,7,0,25
BRDA:72,8,0,0
BRF:9
BRH:8
end_of_record
TN:
SF:src\contexts\usePatientsContext.tsx
FN:46,PatientProvider
FN:81,handleChangePatientQuantity
FN:85,handleUrlToFetch
FN:98,fetchPatients
FN:115,loadMorePatients
FN:137,defineTypeOfSorting
FN:143,sortArrayByType
FN:195,handleChangeNameFilter
FN:199,handleChangeGenderFilter
FN:203,filterByName
FN:209,filterPatientsList
FN:219,handleUrlFiltersQuery
FN:281,usePatientContext
FNF:13
FNH:13
FNDA:141,PatientProvider
FNDA:2,handleChangePatientQuantity
FNDA:38,handleUrlToFetch
FNDA:38,fetchPatients
FNDA:38,loadMorePatients
FNDA:6,defineTypeOfSorting
FNDA:61,sortArrayByType
FNDA:9,handleChangeNameFilter
FNDA:1,handleChangeGenderFilter
FNDA:61,filterByName
FNDA:61,filterPatientsList
FNDA:34,handleUrlFiltersQuery
FNDA:136,usePatientContext
DA:1,1
DA:2,1
DA:3,1
DA:4,1
DA:5,1
DA:6,1
DA:7,1
DA:8,1
DA:9,1
DA:10,1
DA:11,1
DA:12,1
DA:13,1
DA:14,1
DA:15,1
DA:16,1
DA:17,1
DA:18,1
DA:19,1
DA:20,1
DA:21,1
DA:22,1
DA:23,1
DA:24,1
DA:25,1
DA:26,1
DA:27,1
DA:28,1
DA:29,1
DA:30,1
DA:31,1
DA:32,1
DA:33,1
DA:34,1
DA:35,1
DA:36,1
DA:37,1
DA:38,1
DA:39,1
DA:40,1
DA:41,1
DA:42,1
DA:43,1
DA:44,1
DA:45,1
DA:46,141
DA:47,141
DA:48,141
DA:49,141
DA:50,141
DA:51,141
DA:52,141
DA:53,141
DA:54,141
DA:55,141
DA:56,141
DA:57,141
DA:58,141
DA:59,141
DA:60,141
DA:61,141
DA:62,141
DA:63,141
DA:64,141
DA:65,141
DA:66,141
DA:67,141
DA:68,141
DA:69,141
DA:70,141
DA:71,141
DA:72,141
DA:73,141
DA:74,141
DA:75,141
DA:76,141
DA:77,141
DA:78,141
DA:79,141
DA:80,141
DA:81,141
DA:82,2
DA:83,2
DA:84,141
DA:85,141
DA:86,38
DA:87,38
DA:88,38
DA:89,36
DA:90,38
DA:91,2
DA:92,2
DA:93,2
DA:94,38
DA:95,38
DA:96,38
DA:97,141
DA:98,141
DA:99,38
DA:100,38
DA:101,38
DA:102,38
DA:103,38
DA:104,38
DA:105,38
DA:106,38
DA:107,38
DA:108,38
DA:109,0
DA:110,38
DA:111,38
DA:112,38
DA:113,38
DA:114,141
DA:115,141
DA:116,38
DA:117,38
DA:118,38
DA:119,38
DA:120,38
DA:121,38
DA:122,38
DA:123,38
DA:124,38
DA:125,38
DA:126,36
DA:127,1
DA:128,35
DA:129,36
DA:130,38
DA:131,38
DA:132,38
DA:133,38
DA:134,38
DA:135,38
DA:136,141
DA:137,141
DA:138,6
DA:139,6
DA:140,6
DA:141,6
DA:142,141
DA:143,141
DA:144,61
DA:145,2
DA:146,1
DA:147,11
DA:148,11
DA:149,5
DA:150,6
DA:151,6
DA:152,6
DA:153,0
DA:154,1
DA:155,1
DA:156,1
DA:157,11
DA:158,11
DA:159,3
DA:160,8
DA:161,8
DA:162,4
DA:163,4
DA:164,1
DA:165,1
DA:166,2
DA:167,61
DA:168,61
DA:169,3
DA:170,2
DA:171,20
DA:172,2
DA:173,3
DA:174,1
DA:175,21
DA:176,1
DA:177,1
DA:178,3
DA:179,61
DA:180,61
DA:181,3
DA:182,2
DA:183,24
DA:184,2
DA:185,3
DA:186,1
DA:187,25
DA:188,1
DA:189,1
DA:190,3
DA:191,61
DA:192,61
DA:193,61
DA:194,141
DA:195,141
DA:196,9
DA:197,9
DA:198,141
DA:199,141
DA:200,1
DA:201,1
DA:202,141
DA:203,141
DA:204,61
DA:205,270
DA:206,61
DA:207,61
DA:208,141
DA:209,141
DA:210,61
DA:211,61
DA:212,61
DA:213,61
DA:214,61
DA:215,61
DA:216,61
DA:217,61
DA:218,141
DA:219,141
DA:220,34
DA:221,34
DA:222,34
DA:223,1
DA:224,1
DA:225,34
DA:226,34
DA:227,2
DA:228,8
DA:229,3
DA:230,8
DA:231,5
DA:232,5
DA:233,2
DA:234,2
DA:235,2
DA:236,2
DA:237,34
DA:238,34
DA:239,141
DA:240,141
DA:241,34
DA:242,141
DA:243,141
DA:244,141
DA:245,61
DA:246,141
DA:247,141
DA:248,141
DA:249,31
DA:250,141
DA:251,141
DA:252,141
DA:253,141
DA:254,141
DA:255,141
DA:256,141
DA:257,141
DA:258,141
DA:259,141
DA:260,141
DA:261,141
DA:262,141
DA:263,141
DA:264,141
DA:265,141
DA:266,141
DA:267,141
DA:268,141
DA:269,141
DA:270,141
DA:271,141
DA:272,141
DA:273,141
DA:274,141
DA:275,141
DA:276,141
DA:277,141
DA:278,141
DA:279,141
DA:280,1
DA:281,136
DA:282,136
DA:283,136
DA:284,136
DA:285,0
DA:286,0
DA:287,136
DA:288,136
DA:289,136
DA:290,1
DA:291,1
LF:291
LH:287
BRDA:46,0,0,141
BRDA:81,1,0,2
BRDA:85,2,0,38
BRDA:88,3,0,36
BRDA:90,4,0,2
BRDA:98,5,0,38
BRDA:105,6,0,38
BRDA:115,7,0,38
BRDA:125,8,0,36
BRDA:127,9,0,1
BRDA:128,10,0,35
BRDA:137,11,0,6
BRDA:138,12,0,3
BRDA:139,13,0,3
BRDA:139,14,0,3
BRDA:143,15,0,61
BRDA:144,16,0,2
BRDA:145,17,0,1
BRDA:168,18,0,3
BRDA:169,19,0,2
BRDA:173,20,0,1
BRDA:180,21,0,3
BRDA:181,22,0,2
BRDA:185,23,0,1
BRDA:146,24,0,11
BRDA:149,25,0,5
BRDA:150,26,0,6
BRDA:153,27,0,0
BRDA:156,28,0,11
BRDA:159,29,0,3
BRDA:160,30,0,8
BRDA:162,31,0,4
BRDA:163,32,0,4
BRDA:170,33,0,20
BRDA:171,34,0,2
BRDA:171,35,0,18
BRDA:171,36,0,7
BRDA:171,37,0,11
BRDA:174,38,0,21
BRDA:175,39,0,3
BRDA:175,40,0,18
BRDA:175,41,0,5
BRDA:175,42,0,13
BRDA:182,43,0,24
BRDA:183,44,0,8
BRDA:183,45,0,16
BRDA:183,46,0,0
BRDA:186,47,0,25
BRDA:187,48,0,15
BRDA:187,49,0,10
BRDA:187,50,0,0
BRDA:195,51,0,9
BRDA:199,52,0,1
BRDA:203,53,0,61
BRDA:204,54,0,270
BRDA:209,55,0,61
BRDA:210,56,0,26
BRDA:210,57,0,35
BRDA:219,58,0,34
BRDA:222,59,0,1
BRDA:226,60,0,2
BRDA:227,61,0,8
BRDA:228,62,0,3
BRDA:230,63,0,5
BRDA:240,64,0,34
BRDA:244,65,0,61
BRDA:248,66,0,31
BRDA:281,67,0,136
BRDA:284,68,0,0
BRF:69
BRH:65
end_of_record
TN:
SF:src\services\api.ts
FNF:0
FNH:0
DA:1,1
DA:2,1
DA:3,1
DA:4,1
DA:5,1
DA:6,1
DA:7,1
DA:8,1
DA:9,1
LF:9
LH:9
BRF:0
BRH:0
end_of_record
TN:
SF:src\test\handlers.ts
FNF:0
FNH:0
DA:1,1
DA:2,1
DA:3,1
DA:4,1
DA:5,1
DA:6,1
DA:7,1
DA:8,1
DA:9,38
DA:10,38
DA:11,1
DA:12,1
LF:12
LH:12
BRDA:8,0,0,38
BRF:1
BRH:1
end_of_record
TN:
SF:src\test\patientListMock.ts
FNF:0
FNH:0
DA:1,1
DA:2,1
DA:3,1
DA:4,1
DA:5,1
DA:6,1
DA:7,1
DA:8,1
DA:9,1
DA:10,1
DA:11,1
DA:12,1
DA:13,1
DA:14,1
DA:15,1
DA:16,1
DA:17,1
DA:18,1
DA:19,1
DA:20,1
DA:21,1
DA:22,1
DA:23,1
DA:24,1
DA:25,1
DA:26,1
DA:27,1
DA:28,1
DA:29,1
DA:30,1
DA:31,1
DA:32,1
DA:33,1
DA:34,1
DA:35,1
DA:36,1
DA:37,1
DA:38,1
DA:39,1
DA:40,1
DA:41,1
DA:42,1
DA:43,1
DA:44,1
DA:45,1
DA:46,1
DA:47,1
DA:48,1
DA:49,1
DA:50,1
DA:51,1
DA:52,1
DA:53,1
DA:54,1
DA:55,1
DA:56,1
DA:57,1
DA:58,1
DA:59,1
DA:60,1
DA:61,1
DA:62,1
DA:63,1
DA:64,1
DA:65,1
DA:66,1
DA:67,1
DA:68,1
DA:69,1
DA:70,1
DA:71,1
DA:72,1
DA:73,1
DA:74,1
DA:75,1
DA:76,1
DA:77,1
DA:78,1
DA:79,1
DA:80,1
DA:81,1
DA:82,1
DA:83,1
DA:84,1
DA:85,1
DA:86,1
DA:87,1
DA:88,1
DA:89,1
DA:90,1
DA:91,1
DA:92,1
DA:93,1
DA:94,1
DA:95,1
DA:96,1
DA:97,1
DA:98,1
DA:99,1
DA:100,1
DA:101,1
DA:102,1
DA:103,1
DA:104,1
DA:105,1
DA:106,1
DA:107,1
DA:108,1
DA:109,1
DA:110,1
DA:111,1
DA:112,1
DA:113,1
DA:114,1
DA:115,1
DA:116,1
DA:117,1
DA:118,1
DA:119,1
DA:120,1
DA:121,1
DA:122,1
DA:123,1
DA:124,1
DA:125,1
DA:126,1
DA:127,1
DA:128,1
DA:129,1
DA:130,1
DA:131,1
DA:132,1
DA:133,1
DA:134,1
DA:135,1
DA:136,1
DA:137,1
DA:138,1
DA:139,1
DA:140,1
DA:141,1
DA:142,1
DA:143,1
DA:144,1
DA:145,1
DA:146,1
DA:147,1
DA:148,1
DA:149,1
DA:150,1
DA:151,1
DA:152,1
DA:153,1
DA:154,1
DA:155,1
DA:156,1
DA:157,1
DA:158,1
DA:159,1
DA:160,1
DA:161,1
DA:162,1
DA:163,1
DA:164,1
DA:165,1
DA:166,1
DA:167,1
DA:168,1
DA:169,1
DA:170,1
DA:171,1
DA:172,1
DA:173,1
DA:174,1
DA:175,1
DA:176,1
DA:177,1
DA:178,1
DA:179,1
DA:180,1
DA:181,1
DA:182,1
DA:183,1
DA:184,1
DA:185,1
DA:186,1
DA:187,1
DA:188,1
DA:189,1
DA:190,1
DA:191,1
DA:192,1
DA:193,1
DA:194,1
DA:195,1
DA:196,1
DA:197,1
DA:198,1
DA:199,1
DA:200,1
DA:201,1
DA:202,1
DA:203,1
DA:204,1
DA:205,1
DA:206,1
DA:207,1
DA:208,1
DA:209,1
DA:210,1
DA:211,1
DA:212,1
DA:213,1
DA:214,1
DA:215,1
DA:216,1
DA:217,1
DA:218,1
DA:219,1
DA:220,1
DA:221,1
DA:222,1
DA:223,1
DA:224,1
DA:225,1
DA:226,1
DA:227,1
DA:228,1
DA:229,1
DA:230,1
DA:231,1
DA:232,1
DA:233,1
DA:234,1
DA:235,1
DA:236,1
DA:237,1
DA:238,1
DA:239,1
DA:240,1
DA:241,1
DA:242,1
DA:243,1
DA:244,1
DA:245,1
DA:246,1
DA:247,1
DA:248,1
DA:249,1
DA:250,1
DA:251,1
DA:252,1
DA:253,1
DA:254,1
DA:255,1
DA:256,1
DA:257,1
DA:258,1
DA:259,1
DA:260,1
DA:261,1
DA:262,1
DA:263,1
DA:264,1
DA:265,1
DA:266,1
DA:267,1
DA:268,1
DA:269,1
DA:270,1
DA:271,1
DA:272,1
DA:273,1
DA:274,1
DA:275,1
DA:276,1
DA:277,1
DA:278,1
DA:279,1
DA:280,1
DA:281,1
DA:282,1
DA:283,1
DA:284,1
DA:285,1
DA:286,1
DA:287,1
DA:288,1
DA:289,1
DA:290,1
DA:291,1
DA:292,1
DA:293,1
DA:294,1
DA:295,1
DA:296,1
DA:297,1
DA:298,1
DA:299,1
DA:300,1
DA:301,1
DA:302,1
DA:303,1
DA:304,1
DA:305,1
DA:306,1
DA:307,1
DA:308,1
DA:309,1
DA:310,1
DA:311,1
DA:312,1
DA:313,1
DA:314,1
DA:315,1
DA:316,1
DA:317,1
DA:318,1
DA:319,1
DA:320,1
DA:321,1
DA:322,1
DA:323,1
DA:324,1
DA:325,1
DA:326,1
DA:327,1
DA:328,1
DA:329,1
DA:330,1
DA:331,1
DA:332,1
DA:333,1
DA:334,1
DA:335,1
DA:336,1
DA:337,1
DA:338,1
DA:339,1
DA:340,1
DA:341,1
DA:342,1
DA:343,1
DA:344,1
DA:345,1
DA:346,1
DA:347,1
DA:348,1
DA:349,1
DA:350,1
DA:351,1
DA:352,1
DA:353,1
DA:354,1
DA:355,1
DA:356,1
DA:357,1
DA:358,1
DA:359,1
DA:360,1
DA:361,1
DA:362,1
DA:363,1
DA:364,1
DA:365,1
DA:366,1
DA:367,1
DA:368,1
DA:369,1
DA:370,1
DA:371,1
DA:372,1
DA:373,1
DA:374,1
DA:375,1
DA:376,1
DA:377,1
DA:378,1
DA:379,1
DA:380,1
DA:381,1
DA:382,1
DA:383,1
DA:384,1
DA:385,1
DA:386,1
DA:387,1
DA:388,1
DA:389,1
DA:390,1
DA:391,1
DA:392,1
DA:393,1
DA:394,1
DA:395,1
DA:396,1
DA:397,1
DA:398,1
DA:399,1
DA:400,1
DA:401,1
DA:402,1
DA:403,1
DA:404,1
DA:405,1
DA:406,1
DA:407,1
DA:408,1
DA:409,1
DA:410,1
DA:411,1
DA:412,1
DA:413,1
DA:414,1
DA:415,1
DA:416,1
DA:417,1
DA:418,1
DA:419,1
DA:420,1
DA:421,1
DA:422,1
DA:423,1
DA:424,1
DA:425,1
DA:426,1
DA:427,1
DA:428,1
DA:429,1
DA:430,1
DA:431,1
DA:432,1
DA:433,1
DA:434,1
DA:435,1
DA:436,1
DA:437,1
DA:438,1
DA:439,1
DA:440,1
DA:441,1
DA:442,1
DA:443,1
DA:444,1
DA:445,1
DA:446,1
DA:447,1
DA:448,1
DA:449,1
DA:450,1
DA:451,1
DA:452,1
DA:453,1
DA:454,1
DA:455,1
DA:456,1
DA:457,1
DA:458,1
DA:459,1
DA:460,1
DA:461,1
DA:462,1
DA:463,1
DA:464,1
DA:465,1
DA:466,1
DA:467,1
DA:468,1
DA:469,1
DA:470,1
DA:471,1
DA:472,1
DA:473,1
DA:474,1
DA:475,1
DA:476,1
DA:477,1
DA:478,1
DA:479,1
DA:480,1
DA:481,1
DA:482,1
DA:483,1
DA:484,1
DA:485,1
DA:486,1
DA:487,1
DA:488,1
DA:489,1
DA:490,1
DA:491,1
DA:492,1
DA:493,1
DA:494,1
DA:495,1
DA:496,1
DA:497,1
DA:498,1
DA:499,1
DA:500,1
DA:501,1
DA:502,1
DA:503,1
DA:504,1
DA:505,1
DA:506,1
DA:507,1
DA:508,1
DA:509,1
DA:510,1
DA:511,1
DA:512,1
DA:513,1
DA:514,1
DA:515,1
DA:516,1
DA:517,1
DA:518,1
DA:519,1
DA:520,1
DA:521,1
DA:522,1
DA:523,1
DA:524,1
DA:525,1
DA:526,1
DA:527,1
DA:528,1
DA:529,1
DA:530,1
DA:531,1
DA:532,1
DA:533,1
DA:534,1
DA:535,1
DA:536,1
DA:537,1
DA:538,1
DA:539,1
DA:540,1
DA:541,1
DA:542,1
DA:543,1
DA:544,1
DA:545,1
DA:546,1
DA:547,1
DA:548,1
DA:549,1
DA:550,1
DA:551,1
DA:552,1
DA:553,1
DA:554,1
DA:555,1
DA:556,1
DA:557,1
DA:558,1
DA:559,1
DA:560,1
DA:561,1
DA:562,1
DA:563,1
DA:564,1
DA:565,1
DA:566,1
DA:567,1
DA:568,1
DA:569,1
DA:570,1
DA:571,1
DA:572,1
DA:573,1
DA:574,1
DA:575,1
DA:576,1
DA:577,1
DA:578,1
DA:579,1
DA:580,1
DA:581,1
DA:582,1
LF:582
LH:582
BRF:0
BRH:0
end_of_record
TN:
SF:src\test\server.ts
FNF:0
FNH:0
DA:1,1
DA:2,1
DA:3,1
DA:4,1
LF:4
LH:4
BRF:0
BRH:0
end_of_record
TN:
SF:src\test\testing-library-utils.tsx
FN:7,allProviders
FN:15,renderWithContext
FNF:2
FNH:2
FNDA:26,allProviders
FNDA:20,renderWithContext
DA:1,1
DA:2,1
DA:3,1
DA:4,1
DA:5,1
DA:6,1
DA:7,1
DA:8,26
DA:9,26
DA:10,26
DA:11,26
DA:12,26
DA:13,1
DA:14,1
DA:15,1
DA:16,20
DA:17,20
DA:18,20
DA:19,20
DA:20,1
DA:21,1
DA:22,0
DA:23,0
DA:24,1
DA:25,1
LF:25
LH:23
BRDA:22,0,0,0
BRDA:23,1,0,0
BRDA:7,2,0,26
BRDA:15,3,0,20
BRF:4
BRH:2
end_of_record
TN:
SF:src\utils\common-functions.ts
FN:1,formatDate
FNF:1
FNH:1
FNDA:31,formatDate
DA:1,1
DA:2,31
DA:3,31
DA:4,31
DA:5,31
DA:6,13
DA:7,31
DA:8,31
DA:9,31
DA:10,31
DA:11,27
DA:12,31
DA:13,31
DA:14,31
DA:15,31
DA:16,31
DA:17,31
LF:17
LH:17
BRDA:1,0,0,31
BRDA:6,1,0,13
BRDA:7,2,0,18
BRDA:11,3,0,27
BRDA:12,4,0,4
BRF:5
BRH:5
end_of_record
TN:
SF:src\utils\constants.ts
FNF:0
FNH:0
DA:1,1
DA:2,1
DA:3,1
DA:4,1
DA:5,1
DA:6,1
DA:7,1
DA:8,1
DA:9,1
DA:10,1
DA:11,1
DA:12,1
DA:13,1
DA:14,1
DA:15,1
DA:16,1
DA:17,1
DA:18,1
DA:19,1
DA:20,1
DA:21,1
DA:22,1
DA:23,1
DA:24,1
DA:25,1
DA:26,1
DA:27,1
DA:28,1
DA:29,1
DA:30,1
DA:31,1
DA:32,1
DA:33,1
DA:34,1
DA:35,1
DA:36,1
DA:37,1
DA:38,1
DA:39,1
DA:40,1
DA:41,1
DA:42,1
DA:43,1
DA:44,1
DA:45,1
DA:46,1
DA:47,1
DA:48,1
DA:49,1
DA:50,1
DA:51,1
DA:52,1
DA:53,1
DA:54,1
DA:55,1
DA:56,1
DA:57,1
DA:58,1
DA:59,1
DA:60,1
DA:61,1
DA:62,1
DA:63,1
DA:64,1
DA:65,1
DA:66,1
DA:67,1
DA:68,1
DA:69,1
DA:70,1
DA:71,1
DA:72,1
DA:73,1
DA:74,1
DA:75,1
DA:76,1
DA:77,1
DA:78,1
DA:79,1
DA:80,1
DA:81,1
DA:82,1
DA:83,1
DA:84,1
DA:85,1
DA:86,1
DA:87,1
DA:88,1
DA:89,1
DA:90,1
DA:91,1
DA:92,1
DA:93,1
DA:94,1
DA:95,1
DA:96,1
DA:97,1
DA:98,1
DA:99,1
DA:100,1
DA:101,1
DA:102,1
DA:103,1
DA:104,1
DA:105,1
DA:106,1
DA:107,1
DA:108,1
DA:109,1
DA:110,1
DA:111,1
DA:112,1
DA:113,1
DA:114,1
DA:115,1
DA:116,1
DA:117,1
DA:118,1
DA:119,1
DA:120,1
LF:120
LH:120
BRF:0
BRH:0
end_of_record
